Array
(
    [submit-dipa] => true
)

Array
(
    [filexls] => Array
        (
            [name] => RINCIAN KERTAS KERJA SATKER - POK 15 - 6 Desember 2024.xlsx
            [full_path] => RINCIAN KERTAS KERJA SATKER - POK 15 - 6 Desember 2024.xlsx
            [type] => application/vnd.openxmlformats-officedocument.spreadsheetml.sheet
            [tmp_name] => C:\xampp\tmp\php99A9.tmp
            [error] => 0
            [size] => 105043
        )

)
Array
(
    [submit-dipa] => true
)

Array
(
    [filexls] => Array
        (
            [name] => RINCIAN KERTAS KERJA SATKER - POK 15 - 6 Desember 2024.xlsx
            [full_path] => RINCIAN KERTAS KERJA SATKER - POK 15 - 6 Desember 2024.xlsx
            [type] => application/vnd.openxmlformats-officedocument.spreadsheetml.sheet
            [tmp_name] => C:\xampp\tmp\php5B30.tmp
            [error] => 0
            [size] => 105043
        )

)
Array
(
    [submit-dipa] => true
)

Array
(
    [filexls] => Array
        (
            [name] => RINCIAN KERTAS KERJA SATKER - POK 15 - 6 Desember 2024.xlsx
            [full_path] => RINCIAN KERTAS KERJA SATKER - POK 15 - 6 Desember 2024.xlsx
            [type] => application/vnd.openxmlformats-officedocument.spreadsheetml.sheet
            [tmp_name] => C:\xampp\tmp\php2D8B.tmp
            [error] => 0
            [size] => 105043
        )

)
Array
(
    [submit-dipa] => true
)

Array
(
    [filexls] => Array
        (
            [name] => RINCIAN KERTAS KERJA SATKER - POK 15 - 6 Desember 2024.xlsx
            [full_path] => RINCIAN KERTAS KERJA SATKER - POK 15 - 6 Desember 2024.xlsx
            [type] => application/vnd.openxmlformats-officedocument.spreadsheetml.sheet
            [tmp_name] => C:\xampp\tmp\php32C7.tmp
            [error] => 0
            [size] => 105043
        )

)
Array
(
    [submit-dipa] => true
)

Array
(
    [filexls] => Array
        (
            [name] => RINCIAN KERTAS KERJA SATKER - POK 15 - 6 Desember 2024.xlsx
            [full_path] => RINCIAN KERTAS KERJA SATKER - POK 15 - 6 Desember 2024.xlsx
            [type] => application/vnd.openxmlformats-officedocument.spreadsheetml.sheet
            [tmp_name] => C:\xampp\tmp\phpE1EF.tmp
            [error] => 0
            [size] => 105043
        )

)
Array
(
    [submit-dipa] => true
)

Array
(
    [filexls] => Array
        (
            [name] => RINCIAN KERTAS KERJA SATKER - POK 15 - 6 Desember 2024.xlsx
            [full_path] => RINCIAN KERTAS KERJA SATKER - POK 15 - 6 Desember 2024.xlsx
            [type] => application/vnd.openxmlformats-officedocument.spreadsheetml.sheet
            [tmp_name] => C:\xampp\tmp\phpD4C8.tmp
            [error] => 0
            [size] => 105043
        )

)
Array
(
    [submit-dipa] => true
)

Array
(
    [filexls] => Array
        (
            [name] => BLOKIR - RINCIAN KERTAS KERJA SATKER - DIPA AWAL 2025.xlsx
            [full_path] => BLOKIR - RINCIAN KERTAS KERJA SATKER - DIPA AWAL 2025.xlsx
            [type] => application/vnd.openxmlformats-officedocument.spreadsheetml.sheet
            [tmp_name] => C:\xampp\tmp\php2DD0.tmp
            [error] => 0
            [size] => 158509
        )

)
Array
(
    [submit-dipa] => true
)

Array
(
    [filexls] => Array
        (
            [name] => Buku1.xlsx
            [full_path] => Buku1.xlsx
            [type] => application/vnd.openxmlformats-officedocument.spreadsheetml.sheet
            [tmp_name] => C:\xampp\tmp\php4817.tmp
            [error] => 0
            [size] => 81238
        )

)
Array
(
    [submit-dipa] => true
)

Array
(
    [filexls] => Array
        (
            [name] => Buku1.xlsx
            [full_path] => Buku1.xlsx
            [type] => application/vnd.openxmlformats-officedocument.spreadsheetml.sheet
            [tmp_name] => C:\xampp\tmp\php8D7E.tmp
            [error] => 0
            [size] => 81238
        )

)
Array
(
    [submit-dipa] => true
)

Array
(
    [filexls] => Array
        (
            [name] => BLOKIR - RINCIAN KERTAS KERJA SATKER - DIPA AWAL 2025.xlsx
            [full_path] => BLOKIR - RINCIAN KERTAS KERJA SATKER - DIPA AWAL 2025.xlsx
            [type] => application/vnd.openxmlformats-officedocument.spreadsheetml.sheet
            [tmp_name] => C:\xampp\tmp\phpC0D4.tmp
            [error] => 0
            [size] => 158509
        )

)
Array
(
    [submit-dipa] => true
)

Array
(
    [filexls] => Array
        (
            [name] => BLOKIR - RINCIAN KERTAS KERJA SATKER - DIPA AWAL 2025.xlsx
            [full_path] => BLOKIR - RINCIAN KERTAS KERJA SATKER - DIPA AWAL 2025.xlsx
            [type] => application/vnd.openxmlformats-officedocument.spreadsheetml.sheet
            [tmp_name] => C:\xampp\tmp\phpAF45.tmp
            [error] => 0
            [size] => 158509
        )

)
Array
(
    [submit-dipa] => true
)

Array
(
    [filexls] => Array
        (
            [name] => BLOKIR - RINCIAN KERTAS KERJA SATKER - DIPA AWAL 2025.xlsx
            [full_path] => BLOKIR - RINCIAN KERTAS KERJA SATKER - DIPA AWAL 2025.xlsx
            [type] => application/vnd.openxmlformats-officedocument.spreadsheetml.sheet
            [tmp_name] => C:\xampp\tmp\php8D1E.tmp
            [error] => 0
            [size] => 158509
        )

)
Array
(
    [submit-dipa] => true
)

Array
(
    [filexls] => Array
        (
            [name] => BLOKIR - RINCIAN KERTAS KERJA SATKER - DIPA AWAL 2025.xlsx
            [full_path] => BLOKIR - RINCIAN KERTAS KERJA SATKER - DIPA AWAL 2025.xlsx
            [type] => application/vnd.openxmlformats-officedocument.spreadsheetml.sheet
            [tmp_name] => C:\xampp\tmp\phpB698.tmp
            [error] => 0
            [size] => 158509
        )

)
Array
(
    [submit-dipa] => true
)

Array
(
    [filexls] => Array
        (
            [name] => BLOKIR - RINCIAN KERTAS KERJA SATKER - DIPA AWAL 2025.xlsx
            [full_path] => BLOKIR - RINCIAN KERTAS KERJA SATKER - DIPA AWAL 2025.xlsx
            [type] => application/vnd.openxmlformats-officedocument.spreadsheetml.sheet
            [tmp_name] => C:\xampp\tmp\php3C7F.tmp
            [error] => 0
            [size] => 158509
        )

)
Array
(
    [submit-dipa] => true
)

Array
(
    [filexls] => Array
        (
            [name] => BLOKIR - RINCIAN KERTAS KERJA SATKER - DIPA AWAL 2025.xlsx
            [full_path] => BLOKIR - RINCIAN KERTAS KERJA SATKER - DIPA AWAL 2025.xlsx
            [type] => application/vnd.openxmlformats-officedocument.spreadsheetml.sheet
            [tmp_name] => C:\xampp\tmp\php86FC.tmp
            [error] => 0
            [size] => 158509
        )

)
Array
(
    [submit-dipa] => true
)

Array
(
    [filexls] => Array
        (
            [name] => BLOKIR - RINCIAN KERTAS KERJA SATKER - DIPA AWAL 2025.xlsx
            [full_path] => BLOKIR - RINCIAN KERTAS KERJA SATKER - DIPA AWAL 2025.xlsx
            [type] => application/vnd.openxmlformats-officedocument.spreadsheetml.sheet
            [tmp_name] => C:\xampp\tmp\phpDB39.tmp
            [error] => 0
            [size] => 158509
        )

)
Array
(
    [submit-dipa] => true
)

Array
(
    [filexls] => Array
        (
            [name] => BLOKIR - RINCIAN KERTAS KERJA SATKER - DIPA AWAL 2025.xlsx
            [full_path] => BLOKIR - RINCIAN KERTAS KERJA SATKER - DIPA AWAL 2025.xlsx
            [type] => application/vnd.openxmlformats-officedocument.spreadsheetml.sheet
            [tmp_name] => C:\xampp\tmp\phpFB74.tmp
            [error] => 0
            [size] => 158509
        )

)
Array
(
    [submit-dipa] => true
)

Array
(
    [filexls] => Array
        (
            [name] => BLOKIR - RINCIAN KERTAS KERJA SATKER - DIPA AWAL 2025.xlsx
            [full_path] => BLOKIR - RINCIAN KERTAS KERJA SATKER - DIPA AWAL 2025.xlsx
            [type] => application/vnd.openxmlformats-officedocument.spreadsheetml.sheet
            [tmp_name] => C:\xampp\tmp\php56A5.tmp
            [error] => 0
            [size] => 158509
        )

)
Array
(
    [submit-dipa] => true
)

Array
(
    [filexls] => Array
        (
            [name] => BLOKIR - RINCIAN KERTAS KERJA SATKER - DIPA AWAL 2025.xlsx
            [full_path] => BLOKIR - RINCIAN KERTAS KERJA SATKER - DIPA AWAL 2025.xlsx
            [type] => application/vnd.openxmlformats-officedocument.spreadsheetml.sheet
            [tmp_name] => C:\xampp\tmp\php4934.tmp
            [error] => 0
            [size] => 158509
        )

)
Array
(
    [submit-dipa] => true
)

Array
(
    [filexls] => Array
        (
            [name] => Salin dari BLOKIR - RINCIAN KERTAS KERJA SATKER - DIPA AWAL 2025(1).xlsx
            [full_path] => Salin dari BLOKIR - RINCIAN KERTAS KERJA SATKER - DIPA AWAL 2025(1).xlsx
            [type] => application/vnd.openxmlformats-officedocument.spreadsheetml.sheet
            [tmp_name] => C:\xampp\tmp\php7A77.tmp
            [error] => 0
            [size] => 158174
        )

)
Array
(
    [submit-dipa] => true
)

Array
(
    [filexls] => Array
        (
            [name] => Salin dari BLOKIR - RINCIAN KERTAS KERJA SATKER - DIPA AWAL 2025(1).xlsx
            [full_path] => Salin dari BLOKIR - RINCIAN KERTAS KERJA SATKER - DIPA AWAL 2025(1).xlsx
            [type] => application/vnd.openxmlformats-officedocument.spreadsheetml.sheet
            [tmp_name] => C:\xampp\tmp\phpABBA.tmp
            [error] => 0
            [size] => 158174
        )

)
Array
(
    [submit-dipa] => true
)

Array
(
    [filexls] => Array
        (
            [name] => Salin dari BLOKIR - RINCIAN KERTAS KERJA SATKER - DIPA AWAL 2025(1).xlsx
            [full_path] => Salin dari BLOKIR - RINCIAN KERTAS KERJA SATKER - DIPA AWAL 2025(1).xlsx
            [type] => application/vnd.openxmlformats-officedocument.spreadsheetml.sheet
            [tmp_name] => C:\xampp\tmp\phpE038.tmp
            [error] => 0
            [size] => 158174
        )

)
Array
(
    [submit-dipa] => true
)

Array
(
    [filexls] => Array
        (
            [name] => Salin dari BLOKIR - RINCIAN KERTAS KERJA SATKER - DIPA AWAL 2025(1).xlsx
            [full_path] => Salin dari BLOKIR - RINCIAN KERTAS KERJA SATKER - DIPA AWAL 2025(1).xlsx
            [type] => application/vnd.openxmlformats-officedocument.spreadsheetml.sheet
            [tmp_name] => C:\xampp\tmp\phpE8FE.tmp
            [error] => 0
            [size] => 158174
        )

)
Array
(
    [submit-dipa] => true
)

Array
(
    [filexls] => Array
        (
            [name] => Salin dari BLOKIR - RINCIAN KERTAS KERJA SATKER - DIPA AWAL 2025(1).xlsx
            [full_path] => Salin dari BLOKIR - RINCIAN KERTAS KERJA SATKER - DIPA AWAL 2025(1).xlsx
            [type] => application/vnd.openxmlformats-officedocument.spreadsheetml.sheet
            [tmp_name] => C:\xampp\tmp\phpCCDA.tmp
            [error] => 0
            [size] => 158174
        )

)
Array
(
    [submit-dipa] => true
)

Array
(
    [filexls] => Array
        (
            [name] => Salin dari BLOKIR - RINCIAN KERTAS KERJA SATKER - DIPA AWAL 2025(1).xlsx
            [full_path] => Salin dari BLOKIR - RINCIAN KERTAS KERJA SATKER - DIPA AWAL 2025(1).xlsx
            [type] => application/vnd.openxmlformats-officedocument.spreadsheetml.sheet
            [tmp_name] => C:\xampp\tmp\php1D64.tmp
            [error] => 0
            [size] => 158174
        )

)
Array
(
    [submit-dipa] => true
)

Array
(
    [filexls] => Array
        (
            [name] => Salin dari BLOKIR - RINCIAN KERTAS KERJA SATKER - DIPA AWAL 2025(1).xlsx
            [full_path] => Salin dari BLOKIR - RINCIAN KERTAS KERJA SATKER - DIPA AWAL 2025(1).xlsx
            [type] => application/vnd.openxmlformats-officedocument.spreadsheetml.sheet
            [tmp_name] => C:\xampp\tmp\php98CE.tmp
            [error] => 0
            [size] => 158174
        )

)
Array
(
    [submit-dipa] => true
)

Array
(
    [filexls] => Array
        (
            [name] => Salin dari BLOKIR - RINCIAN KERTAS KERJA SATKER - DIPA AWAL 2025(1).xlsx
            [full_path] => Salin dari BLOKIR - RINCIAN KERTAS KERJA SATKER - DIPA AWAL 2025(1).xlsx
            [type] => application/vnd.openxmlformats-officedocument.spreadsheetml.sheet
            [tmp_name] => C:\xampp\tmp\php64C5.tmp
            [error] => 0
            [size] => 158174
        )

)
Array
(
    [submit-dipa] => true
)

Array
(
    [filexls] => Array
        (
            [name] => Salin dari BLOKIR - RINCIAN KERTAS KERJA SATKER - DIPA AWAL 2025(1).xlsx
            [full_path] => Salin dari BLOKIR - RINCIAN KERTAS KERJA SATKER - DIPA AWAL 2025(1).xlsx
            [type] => application/vnd.openxmlformats-officedocument.spreadsheetml.sheet
            [tmp_name] => C:\xampp\tmp\php3CBE.tmp
            [error] => 0
            [size] => 158174
        )

)
Array
(
    [submit-dipa] => true
)

Array
(
    [filexls] => Array
        (
            [name] => Salin dari BLOKIR - RINCIAN KERTAS KERJA SATKER - DIPA AWAL 2025(1).xlsx
            [full_path] => Salin dari BLOKIR - RINCIAN KERTAS KERJA SATKER - DIPA AWAL 2025(1).xlsx
            [type] => application/vnd.openxmlformats-officedocument.spreadsheetml.sheet
            [tmp_name] => C:\xampp\tmp\php4B12.tmp
            [error] => 0
            [size] => 158174
        )

)
Array
(
    [submit-dipa] => true
)

Array
(
    [filexls] => Array
        (
            [name] => Salin dari BLOKIR - RINCIAN KERTAS KERJA SATKER - DIPA AWAL 2025(1).xlsx
            [full_path] => Salin dari BLOKIR - RINCIAN KERTAS KERJA SATKER - DIPA AWAL 2025(1).xlsx
            [type] => application/vnd.openxmlformats-officedocument.spreadsheetml.sheet
            [tmp_name] => C:\xampp\tmp\phpE7CB.tmp
            [error] => 0
            [size] => 158174
        )

)
Array
(
    [submit-dipa] => true
)

Array
(
    [filexls] => Array
        (
            [name] => Salin dari BLOKIR - RINCIAN KERTAS KERJA SATKER - DIPA AWAL 2025(1).xlsx
            [full_path] => Salin dari BLOKIR - RINCIAN KERTAS KERJA SATKER - DIPA AWAL 2025(1).xlsx
            [type] => application/vnd.openxmlformats-officedocument.spreadsheetml.sheet
            [tmp_name] => C:\xampp\tmp\php6024.tmp
            [error] => 0
            [size] => 158174
        )

)
Array
(
    [submit-dipa] => true
)

Array
(
    [filexls] => Array
        (
            [name] => Salin dari BLOKIR - RINCIAN KERTAS KERJA SATKER - DIPA AWAL 2025(1).xlsx
            [full_path] => Salin dari BLOKIR - RINCIAN KERTAS KERJA SATKER - DIPA AWAL 2025(1).xlsx
            [type] => application/vnd.openxmlformats-officedocument.spreadsheetml.sheet
            [tmp_name] => C:\xampp\tmp\phpE715.tmp
            [error] => 0
            [size] => 158174
        )

)
Array
(
    [submit-dipa] => true
)

Array
(
    [filexls] => Array
        (
            [name] => Salin dari BLOKIR - RINCIAN KERTAS KERJA SATKER - DIPA AWAL 2025(1).xlsx
            [full_path] => Salin dari BLOKIR - RINCIAN KERTAS KERJA SATKER - DIPA AWAL 2025(1).xlsx
            [type] => application/vnd.openxmlformats-officedocument.spreadsheetml.sheet
            [tmp_name] => C:\xampp\tmp\phpCFB9.tmp
            [error] => 0
            [size] => 158174
        )

)
Array
(
    [submit-dipa] => true
)

Array
(
    [filexls] => Array
        (
            [name] => Salin dari BLOKIR - RINCIAN KERTAS KERJA SATKER - DIPA AWAL 2025(1).xlsx
            [full_path] => Salin dari BLOKIR - RINCIAN KERTAS KERJA SATKER - DIPA AWAL 2025(1).xlsx
            [type] => application/vnd.openxmlformats-officedocument.spreadsheetml.sheet
            [tmp_name] => C:\xampp\tmp\php432.tmp
            [error] => 0
            [size] => 158174
        )

)
Array
(
    [submit-dipa] => true
)

Array
(
    [filexls] => Array
        (
            [name] => Salin dari BLOKIR - RINCIAN KERTAS KERJA SATKER - DIPA AWAL 2025(1).xlsx
            [full_path] => Salin dari BLOKIR - RINCIAN KERTAS KERJA SATKER - DIPA AWAL 2025(1).xlsx
            [type] => application/vnd.openxmlformats-officedocument.spreadsheetml.sheet
            [tmp_name] => C:\xampp\tmp\php285.tmp
            [error] => 0
            [size] => 158174
        )

)
Array
(
    [submit-dipa] => true
)

Array
(
    [filexls] => Array
        (
            [name] => Salin dari BLOKIR - RINCIAN KERTAS KERJA SATKER - DIPA AWAL 2025(1).xlsx
            [full_path] => Salin dari BLOKIR - RINCIAN KERTAS KERJA SATKER - DIPA AWAL 2025(1).xlsx
            [type] => application/vnd.openxmlformats-officedocument.spreadsheetml.sheet
            [tmp_name] => C:\xampp\tmp\phpB1E2.tmp
            [error] => 0
            [size] => 158174
        )

)
Array
(
    [submit-dipa] => true
)

Array
(
    [filexls] => Array
        (
            [name] => Salin dari BLOKIR - RINCIAN KERTAS KERJA SATKER - DIPA AWAL 2025(1).xlsx
            [full_path] => Salin dari BLOKIR - RINCIAN KERTAS KERJA SATKER - DIPA AWAL 2025(1).xlsx
            [type] => application/vnd.openxmlformats-officedocument.spreadsheetml.sheet
            [tmp_name] => C:\xampp\tmp\phpFBFC.tmp
            [error] => 0
            [size] => 158174
        )

)
Array
(
    [submit-dipa] => true
)

Array
(
    [filexls] => Array
        (
            [name] => Salin dari BLOKIR - RINCIAN KERTAS KERJA SATKER - DIPA AWAL 2025(1).xlsx
            [full_path] => Salin dari BLOKIR - RINCIAN KERTAS KERJA SATKER - DIPA AWAL 2025(1).xlsx
            [type] => application/vnd.openxmlformats-officedocument.spreadsheetml.sheet
            [tmp_name] => C:\xampp\tmp\phpA5CB.tmp
            [error] => 0
            [size] => 158174
        )

)
Array
(
    [submit-dipa] => true
)

Array
(
    [filexls] => Array
        (
            [name] => Salin dari BLOKIR - RINCIAN KERTAS KERJA SATKER - DIPA AWAL 2025(1).xlsx
            [full_path] => Salin dari BLOKIR - RINCIAN KERTAS KERJA SATKER - DIPA AWAL 2025(1).xlsx
            [type] => application/vnd.openxmlformats-officedocument.spreadsheetml.sheet
            [tmp_name] => C:\xampp\tmp\phpCAD6.tmp
            [error] => 0
            [size] => 158170
        )

)
Array
(
    [submit-dipa] => true
)

Array
(
    [filexls] => Array
        (
            [name] => Salin dari BLOKIR - RINCIAN KERTAS KERJA SATKER - DIPA AWAL 2025(1).xlsx
            [full_path] => Salin dari BLOKIR - RINCIAN KERTAS KERJA SATKER - DIPA AWAL 2025(1).xlsx
            [type] => application/vnd.openxmlformats-officedocument.spreadsheetml.sheet
            [tmp_name] => C:\xampp\tmp\phpB9CA.tmp
            [error] => 0
            [size] => 158170
        )

)
